[debug] [2024-05-28T16:58:17.506Z] ----------------------------------------------------------------------
[debug] [2024-05-28T16:58:17.508Z] Command:       C:\Program Files\nodejs\node.exe C:\Users\ugurb\AppData\Roaming\npm\node_modules\firebase-tools\lib\bin\firebase.js init
[debug] [2024-05-28T16:58:17.509Z] CLI Version:   13.10.2
[debug] [2024-05-28T16:58:17.509Z] Platform:      win32
[debug] [2024-05-28T16:58:17.509Z] Node Version:  v20.13.1
[debug] [2024-05-28T16:58:17.509Z] Time:          Tue May 28 2024 19:58:17 GMT+0300 (Eastern European Summer Time)
[debug] [2024-05-28T16:58:17.509Z] ----------------------------------------------------------------------
[debug] 
[debug] [2024-05-28T16:58:17.515Z] > command requires scopes: ["email","openid","https://www.googleapis.com/auth/cloudplatformprojects.readonly","https://www.googleapis.com/auth/firebase","https://www.googleapis.com/auth/cloud-platform"]
[debug] [2024-05-28T16:58:17.515Z] > authorizing via signed-in user (lihtnegym@gmail.com)
[info] 
     ######## #### ########  ######## ########     ###     ######  ########
     ##        ##  ##     ## ##       ##     ##  ##   ##  ##       ##
     ######    ##  ########  ######   ########  #########  ######  ######
     ##        ##  ##    ##  ##       ##     ## ##     ##       ## ##
     ##       #### ##     ## ######## ########  ##     ##  ######  ########

You're about to initialize a Firebase project in this directory:

  C:\LihtneGymApp\frontend

Before we get started, keep in mind:

  * You are currently outside your home directory

[info] 
=== Project Setup
[info] 
[info] First, let's associate this project directory with a Firebase project.
[info] You can create multiple project aliases by running firebase use --add, 
[info] but for now we'll just set up a default project.
[info] 
[debug] [2024-05-28T16:58:27.780Z] >>> [apiv2][query] GET https://firebase.googleapis.com/v1beta1/projects pageSize=100
[debug] [2024-05-28T16:58:28.618Z] <<< [apiv2][status] GET https://firebase.googleapis.com/v1beta1/projects 200
[debug] [2024-05-28T16:58:28.618Z] <<< [apiv2][body] GET https://firebase.googleapis.com/v1beta1/projects [omitted]
[info] i  Using project lihtne-gym (lihtne-gym) 
[info] 
=== Database Setup
[info] i  database: ensuring required API firebasedatabase.googleapis.com is enabled... 
[debug] [2024-05-28T16:58:29.923Z] >>> [apiv2][query] GET https://serviceusage.googleapis.com/v1/projects/lihtne-gym/services/firebasedatabase.googleapis.com [none]
[debug] [2024-05-28T16:58:29.923Z] >>> [apiv2][(partial)header] GET https://serviceusage.googleapis.com/v1/projects/lihtne-gym/services/firebasedatabase.googleapis.com x-goog-quota-user=projects/lihtne-gym
[debug] [2024-05-28T16:58:31.130Z] <<< [apiv2][status] GET https://serviceusage.googleapis.com/v1/projects/lihtne-gym/services/firebasedatabase.googleapis.com 200
[debug] [2024-05-28T16:58:31.130Z] <<< [apiv2][body] GET https://serviceusage.googleapis.com/v1/projects/lihtne-gym/services/firebasedatabase.googleapis.com [omitted]
[info] +  database: required API firebasedatabase.googleapis.com is enabled 
[info] 
[debug] [2024-05-28T16:58:31.131Z] >>> [apiv2][query] GET https://firebasedatabase.googleapis.com/v1beta/projects/lihtne-gym/locations/-/instances/lihtne-gym-default-rtdb [none]
[debug] [2024-05-28T16:58:32.491Z] <<< [apiv2][status] GET https://firebasedatabase.googleapis.com/v1beta/projects/lihtne-gym/locations/-/instances/lihtne-gym-default-rtdb 200
[debug] [2024-05-28T16:58:32.491Z] <<< [apiv2][body] GET https://firebasedatabase.googleapis.com/v1beta/projects/lihtne-gym/locations/-/instances/lihtne-gym-default-rtdb {"name":"projects/200889955186/locations/europe-west1/instances/lihtne-gym-default-rtdb","project":"projects/200889955186","databaseUrl":"https://lihtne-gym-default-rtdb.europe-west1.firebasedatabase.app","type":"DEFAULT_DATABASE","state":"ACTIVE"}
[info] 
[info] Firebase Realtime Database Security Rules allow you to define how your data should be
[info] structured and when your data can be read from and written to.
[info] 
[debug] [2024-05-28T16:58:38.270Z] >>> [apiv2][query] GET https://lihtne-gym-default-rtdb.europe-west1.firebasedatabase.app/.settings/rules.json [none]
[debug] [2024-05-28T16:58:38.651Z] <<< [apiv2][status] GET https://lihtne-gym-default-rtdb.europe-west1.firebasedatabase.app/.settings/rules.json 200
[debug] [2024-05-28T16:58:38.651Z] <<< [apiv2][body] GET https://lihtne-gym-default-rtdb.europe-west1.firebasedatabase.app/.settings/rules.json [stream]
[info] +  Database Rules for lihtne-gym-default-rtdb have been written to database.rules.json. 
[info] Future modifications to database.rules.json will update Realtime Database Security Rules when you run
[info] firebase deploy.
[info] 
=== Firestore Setup
[debug] [2024-05-28T16:58:38.655Z] >>> [apiv2][query] GET https://serviceusage.googleapis.com/v1/projects/lihtne-gym/services/firestore.googleapis.com [none]
[debug] [2024-05-28T16:58:38.655Z] >>> [apiv2][(partial)header] GET https://serviceusage.googleapis.com/v1/projects/lihtne-gym/services/firestore.googleapis.com x-goog-quota-user=projects/lihtne-gym
[debug] [2024-05-28T16:58:39.723Z] <<< [apiv2][status] GET https://serviceusage.googleapis.com/v1/projects/lihtne-gym/services/firestore.googleapis.com 200
[debug] [2024-05-28T16:58:39.723Z] <<< [apiv2][body] GET https://serviceusage.googleapis.com/v1/projects/lihtne-gym/services/firestore.googleapis.com [omitted]
[debug] [2024-05-28T16:58:39.723Z] >>> [apiv2][query] GET https://firestore.googleapis.com/v1/projects/lihtne-gym/databases/(default) [none]
[debug] [2024-05-28T16:58:40.223Z] <<< [apiv2][status] GET https://firestore.googleapis.com/v1/projects/lihtne-gym/databases/(default) 200
[debug] [2024-05-28T16:58:40.223Z] <<< [apiv2][body] GET https://firestore.googleapis.com/v1/projects/lihtne-gym/databases/(default) {"name":"projects/lihtne-gym/databases/(default)","uid":"6399c783-a074-4976-b056-fc5744d797a8","createTime":"2024-05-28T15:56:07.837152Z","updateTime":"2024-05-28T15:56:07.837152Z","locationId":"eur3","type":"FIRESTORE_NATIVE","concurrencyMode":"PESSIMISTIC","versionRetentionPeriod":"3600s","earliestVersionTime":"2024-05-28T15:58:37.608581Z","appEngineIntegrationMode":"DISABLED","keyPrefix":"e","pointInTimeRecoveryEnablement":"POINT_IN_TIME_RECOVERY_DISABLED","deleteProtectionState":"DELETE_PROTECTION_DISABLED","etag":"IPGdpdzosIYDMK6lmofcsIYD"}
[debug] [2024-05-28T16:58:40.223Z] database_type: FIRESTORE_NATIVE
[debug] [2024-05-28T16:58:40.223Z] > command requires scopes: ["email","openid","https://www.googleapis.com/auth/cloudplatformprojects.readonly","https://www.googleapis.com/auth/firebase","https://www.googleapis.com/auth/cloud-platform"]
[debug] [2024-05-28T16:58:40.224Z] > authorizing via signed-in user (lihtnegym@gmail.com)
[debug] [2024-05-28T16:58:40.224Z] [iam] checking project lihtne-gym for permissions ["firebase.projects.get"]
[debug] [2024-05-28T16:58:40.224Z] >>> [apiv2][query] POST https://cloudresourcemanager.googleapis.com/v1/projects/lihtne-gym:testIamPermissions [none]
[debug] [2024-05-28T16:58:40.224Z] >>> [apiv2][(partial)header] POST https://cloudresourcemanager.googleapis.com/v1/projects/lihtne-gym:testIamPermissions x-goog-quota-user=projects/lihtne-gym
[debug] [2024-05-28T16:58:40.224Z] >>> [apiv2][body] POST https://cloudresourcemanager.googleapis.com/v1/projects/lihtne-gym:testIamPermissions {"permissions":["firebase.projects.get"]}
[debug] [2024-05-28T16:58:40.740Z] <<< [apiv2][status] POST https://cloudresourcemanager.googleapis.com/v1/projects/lihtne-gym:testIamPermissions 200
[debug] [2024-05-28T16:58:40.740Z] <<< [apiv2][body] POST https://cloudresourcemanager.googleapis.com/v1/projects/lihtne-gym:testIamPermissions {"permissions":["firebase.projects.get"]}
[info] 
[info] Firestore Security Rules allow you to define how and when to allow
[info] requests. You can keep these rules in your project directory
[info] and publish them with firebase deploy.
[info] 
[debug] [2024-05-28T16:58:45.025Z] >>> [apiv2][query] GET https://firebaserules.googleapis.com/v1/projects/lihtne-gym/releases pageSize=10&pageToken=
[debug] [2024-05-28T16:58:46.191Z] <<< [apiv2][status] GET https://firebaserules.googleapis.com/v1/projects/lihtne-gym/releases 200
[debug] [2024-05-28T16:58:46.191Z] <<< [apiv2][body] GET https://firebaserules.googleapis.com/v1/projects/lihtne-gym/releases {"releases":[{"name":"projects/lihtne-gym/releases/cloud.firestore","rulesetName":"projects/lihtne-gym/rulesets/7dd6d26b-42e7-4de5-aadf-fb8ca02b0993","createTime":"2024-05-28T15:56:15.151914Z","updateTime":"2024-05-28T15:56:15.151914Z"},{"name":"projects/lihtne-gym/releases/cloud.firestore/lihtne-gym","rulesetName":"projects/lihtne-gym/rulesets/2667f4a4-3315-4bd2-9e75-e1de7475fad8","createTime":"2024-05-28T16:21:40.142100Z","updateTime":"2024-05-28T16:21:40.142100Z"}]}
[debug] [2024-05-28T16:58:46.204Z] Found ruleset: projects/lihtne-gym/rulesets/2667f4a4-3315-4bd2-9e75-e1de7475fad8
[debug] [2024-05-28T16:58:46.204Z] >>> [apiv2][query] GET https://firebaserules.googleapis.com/v1/projects/lihtne-gym/rulesets/2667f4a4-3315-4bd2-9e75-e1de7475fad8 [none]
[debug] [2024-05-28T16:58:47.022Z] <<< [apiv2][status] GET https://firebaserules.googleapis.com/v1/projects/lihtne-gym/rulesets/2667f4a4-3315-4bd2-9e75-e1de7475fad8 200
[debug] [2024-05-28T16:58:47.022Z] <<< [apiv2][body] GET https://firebaserules.googleapis.com/v1/projects/lihtne-gym/rulesets/2667f4a4-3315-4bd2-9e75-e1de7475fad8 [omitted]
[info] 
[info] Firestore indexes allow you to perform complex queries while
[info] maintaining performance that scales with the size of the result
[info] set. You can keep index definitions in your project directory
[info] and publish them with firebase deploy.
[info] 
[debug] [2024-05-28T16:58:50.269Z] >>> [apiv2][query] GET https://firestore.googleapis.com/v1/projects/lihtne-gym/databases/(default)/collectionGroups/-/indexes [none]
[debug] [2024-05-28T16:58:50.271Z] >>> [apiv2][query] GET https://firestore.googleapis.com/v1/projects/lihtne-gym/databases/(default)/collectionGroups/-/fields?filter=indexConfig.usesAncestorConfig=false OR ttlConfig:* [none]
[debug] [2024-05-28T16:58:50.603Z] <<< [apiv2][status] GET https://firestore.googleapis.com/v1/projects/lihtne-gym/databases/(default)/collectionGroups/-/indexes 200
[debug] [2024-05-28T16:58:50.603Z] <<< [apiv2][body] GET https://firestore.googleapis.com/v1/projects/lihtne-gym/databases/(default)/collectionGroups/-/indexes {}
[debug] [2024-05-28T16:58:50.607Z] <<< [apiv2][status] GET https://firestore.googleapis.com/v1/projects/lihtne-gym/databases/(default)/collectionGroups/-/fields?filter=indexConfig.usesAncestorConfig=false OR ttlConfig:* 200
[debug] [2024-05-28T16:58:50.607Z] <<< [apiv2][body] GET https://firestore.googleapis.com/v1/projects/lihtne-gym/databases/(default)/collectionGroups/-/fields?filter=indexConfig.usesAncestorConfig=false OR ttlConfig:* {"fields":[{"name":"projects/lihtne-gym/databases/(default)/collectionGroups/__default__/fields/*","indexConfig":{"indexes":[{"queryScope":"COLLECTION","fields":[{"fieldPath":"*","order":"ASCENDING"}],"state":"READY"},{"queryScope":"COLLECTION","fields":[{"fieldPath":"*","order":"DESCENDING"}],"state":"READY"},{"queryScope":"COLLECTION","fields":[{"fieldPath":"*","arrayConfig":"CONTAINS"}],"state":"READY"}]}}]}
[info] 
=== Functions Setup
[debug] [2024-05-28T16:58:50.609Z] > command requires scopes: ["email","openid","https://www.googleapis.com/auth/cloudplatformprojects.readonly","https://www.googleapis.com/auth/firebase","https://www.googleapis.com/auth/cloud-platform"]
[debug] [2024-05-28T16:58:50.609Z] > authorizing via signed-in user (lihtnegym@gmail.com)
[debug] [2024-05-28T16:58:50.609Z] [iam] checking project lihtne-gym for permissions ["firebase.projects.get"]
[debug] [2024-05-28T16:58:50.609Z] >>> [apiv2][query] POST https://cloudresourcemanager.googleapis.com/v1/projects/lihtne-gym:testIamPermissions [none]
[debug] [2024-05-28T16:58:50.609Z] >>> [apiv2][(partial)header] POST https://cloudresourcemanager.googleapis.com/v1/projects/lihtne-gym:testIamPermissions x-goog-quota-user=projects/lihtne-gym
[debug] [2024-05-28T16:58:50.609Z] >>> [apiv2][body] POST https://cloudresourcemanager.googleapis.com/v1/projects/lihtne-gym:testIamPermissions {"permissions":["firebase.projects.get"]}
[debug] [2024-05-28T16:58:51.450Z] <<< [apiv2][status] POST https://cloudresourcemanager.googleapis.com/v1/projects/lihtne-gym:testIamPermissions 200
[debug] [2024-05-28T16:58:51.450Z] <<< [apiv2][body] POST https://cloudresourcemanager.googleapis.com/v1/projects/lihtne-gym:testIamPermissions {"permissions":["firebase.projects.get"]}
[debug] [2024-05-28T16:58:51.451Z] >>> [apiv2][query] GET https://serviceusage.googleapis.com/v1/projects/lihtne-gym/services/cloudfunctions.googleapis.com [none]
[debug] [2024-05-28T16:58:51.451Z] >>> [apiv2][(partial)header] GET https://serviceusage.googleapis.com/v1/projects/lihtne-gym/services/cloudfunctions.googleapis.com x-goog-quota-user=projects/lihtne-gym
[debug] [2024-05-28T16:58:51.453Z] >>> [apiv2][query] GET https://serviceusage.googleapis.com/v1/projects/lihtne-gym/services/runtimeconfig.googleapis.com [none]
[debug] [2024-05-28T16:58:51.453Z] >>> [apiv2][(partial)header] GET https://serviceusage.googleapis.com/v1/projects/lihtne-gym/services/runtimeconfig.googleapis.com x-goog-quota-user=projects/lihtne-gym
[debug] [2024-05-28T16:58:52.493Z] <<< [apiv2][status] GET https://serviceusage.googleapis.com/v1/projects/lihtne-gym/services/cloudfunctions.googleapis.com 200
[debug] [2024-05-28T16:58:52.494Z] <<< [apiv2][body] GET https://serviceusage.googleapis.com/v1/projects/lihtne-gym/services/cloudfunctions.googleapis.com [omitted]
[debug] [2024-05-28T16:58:52.605Z] <<< [apiv2][status] GET https://serviceusage.googleapis.com/v1/projects/lihtne-gym/services/runtimeconfig.googleapis.com 200
[debug] [2024-05-28T16:58:52.605Z] <<< [apiv2][body] GET https://serviceusage.googleapis.com/v1/projects/lihtne-gym/services/runtimeconfig.googleapis.com [omitted]
[info] Let's create a new codebase for your functions.
[info] A directory corresponding to the codebase will be created in your project
[info] with sample code pre-configured.

[info] See https://firebase.google.com/docs/functions/organize-functions for
[info] more information on organizing your functions using codebases.

[info] Functions can be deployed with firebase deploy.

[info] i  Skipping write of functions/package.json 
[info] +  Wrote functions/.eslintrc.js 
[info] +  Wrote functions/index.js 
[info] +  Wrote functions/.gitignore 
[info] 
=== Hosting Setup
[debug] [2024-05-28T16:59:08.663Z] >>> [apiv2][query] GET https://firebase.googleapis.com/v1beta1/projects/lihtne-gym [none]
[debug] [2024-05-28T16:59:09.011Z] <<< [apiv2][status] GET https://firebase.googleapis.com/v1beta1/projects/lihtne-gym 200
[debug] [2024-05-28T16:59:09.011Z] <<< [apiv2][body] GET https://firebase.googleapis.com/v1beta1/projects/lihtne-gym {"projectId":"lihtne-gym","projectNumber":"200889955186","displayName":"lihtne-gym","name":"projects/lihtne-gym","resources":{"hostingSite":"lihtne-gym","realtimeDatabaseInstance":"lihtne-gym-default-rtdb"},"state":"ACTIVE","etag":"1_c93cf91b-3eae-444b-babf-f4b09255c429"}
[info] 
[info] Your public directory is the folder (relative to your project directory) that
[info] will contain Hosting assets to be uploaded with firebase deploy. If you
[info] have a build process for your assets, use your build's output directory.
[info] 
[debug] [2024-05-28T16:59:15.344Z] >>> [apiv2][query] GET https://www.gstatic.com/firebasejs/releases.json [none]
[debug] [2024-05-28T16:59:15.513Z] <<< [apiv2][status] GET https://www.gstatic.com/firebasejs/releases.json 200
[debug] [2024-05-28T16:59:15.513Z] <<< [apiv2][body] GET https://www.gstatic.com/firebasejs/releases.json {"current":{"version":"10.12.2","browserURL":"https://www.gstatic.com/firebasejs/10.12.2/firebase.js","packageURL":"https://www.gstatic.com/firebasejs/10.12.2/firebase.tgz"},"live":{"version":"10.12","browserURL":"https://www.gstatic.com/firebasejs/live/10.12/firebase.js","packageURL":"https://www.gstatic.com/firebasejs/live/10.12/firebase.tgz"},"components":{"analytics":"https://www.gstatic.com/firebasejs/10.12.2/firebase-analytics.js","app":"https://www.gstatic.com/firebasejs/10.12.2/firebase-app.js","app-check":"https://www.gstatic.com/firebasejs/10.12.2/firebase-app-check.js","auth":"https://www.gstatic.com/firebasejs/10.12.2/firebase-auth.js","auth/cordova":"https://www.gstatic.com/firebasejs/10.12.2/firebase-auth/cordova.js","auth/web-extension":"https://www.gstatic.com/firebasejs/10.12.2/firebase-auth/web-extension.js","functions":"https://www.gstatic.com/firebasejs/10.12.2/firebase-functions.js","firestore":"https://www.gstatic.com/firebasejs/10.12.2/firebase-firestore.js","firestore/lite":"https://www.gstatic.com/firebasejs/10.12.2/firebase-firestore/lite.js","installations":"https://www.gstatic.com/firebasejs/10.12.2/firebase-installations.js","storage":"https://www.gstatic.com/firebasejs/10.12.2/firebase-storage.js","performance":"https://www.gstatic.com/firebasejs/10.12.2/firebase-performance.js","remote-config":"https://www.gstatic.com/firebasejs/10.12.2/firebase-remote-config.js","messaging":"https://www.gstatic.com/firebasejs/10.12.2/firebase-messaging.js","messaging/sw":"https://www.gstatic.com/firebasejs/10.12.2/firebase-messaging/sw.js","database":"https://www.gstatic.com/firebasejs/10.12.2/firebase-database.js","vertexai-preview":"https://www.gstatic.com/firebasejs/10.12.2/firebase-vertexai-preview.js","firestore.memory":"https://www.gstatic.com/firebasejs/10.12.2/firebase-firestore.memory.js"}}
[info] +  Wrote public/index.html 
[info] 
[info] i  Detected a .git folder at C:\LihtneGymApp\frontend 
[info] i  Authorizing with GitHub to upload your service account to a GitHub repository's secrets store. 
[info] 
[info] Visit this URL on this device to log in:
[info] https://github.com/login/oauth/authorize?client_id=89cf50f02ac6aaed3484&state=611645710&redirect_uri=http%3A%2F%2Flocalhost%3A9005&scope=read%3Auser%20repo%20public_repo
[info] 
[info] Waiting for authentication...
[debug] [2024-05-28T16:59:17.408Z] >>> [apiv2][query] POST https://github.com/login/oauth/access_token [none]
[debug] [2024-05-28T16:59:17.408Z] >>> [apiv2][body] POST https://github.com/login/oauth/access_token [stream]
[debug] [2024-05-28T16:59:17.852Z] <<< [apiv2][status] POST https://github.com/login/oauth/access_token 200
[debug] [2024-05-28T16:59:17.852Z] <<< [apiv2][body] POST https://github.com/login/oauth/access_token {"access_token":"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","token_type":"bearer","scope":"read:user,repo"}
[debug] [2024-05-28T16:59:17.859Z] >>> [apiv2][query] GET https://api.github.com/user [none]
[debug] [2024-05-28T16:59:18.353Z] <<< [apiv2][status] GET https://api.github.com/user 200
[debug] [2024-05-28T16:59:18.353Z] <<< [apiv2][body] GET https://api.github.com/user {"login":"c-boyraz","id":170830905,"node_id":"U_kgDOCi6sOQ","avatar_url":"https://avatars.githubusercontent.com/u/170830905?v=4","gravatar_id":"","url":"https://api.github.com/users/c-boyraz","html_url":"https://github.com/c-boyraz","followers_url":"https://api.github.com/users/c-boyraz/followers","following_url":"https://api.github.com/users/c-boyraz/following{/other_user}","gists_url":"https://api.github.com/users/c-boyraz/gists{/gist_id}","starred_url":"https://api.github.com/users/c-boyraz/starred{/owner}{/repo}","subscriptions_url":"https://api.github.com/users/c-boyraz/subscriptions","organizations_url":"https://api.github.com/users/c-boyraz/orgs","repos_url":"https://api.github.com/users/c-boyraz/repos","events_url":"https://api.github.com/users/c-boyraz/events{/privacy}","received_events_url":"https://api.github.com/users/c-boyraz/received_events","type":"User","site_admin":false,"name":null,"company":null,"blog":"","location":null,"email":null,"hireable":null,"bio":null,"twitter_username":null,"public_repos":0,"public_gists":0,"followers":0,"following":0,"created_at":"2024-05-25T20:25:34Z","updated_at":"2024-05-26T13:01:31Z","private_gists":0,"total_private_repos":1,"owned_private_repos":1,"disk_usage":0,"collaborators":0,"two_factor_authentication":false,"plan":{"name":"free","space":976562499,"collaborators":0,"private_repos":10000}}
[info] 
[info] +  Success! Logged into GitHub as c-boyraz 
[info] 
